<?xml version="1.0" encoding="UTF-8"?>
<!-- Generated by org.testng.reporters.JUnitReportReporter -->
<testsuite hostname="AvoComp20-HP" name="COAProject.Release1.AppTest" tests="1" failures="0" timestamp="31 Aug 2016 05:00:57 GMT" time="0.052" errors="0">
  <testcase name="testApp" time="0.052" classname="COAProject.Release1.AppTest"/>
</testsuite> <!-- COAProject.Release1.AppTest -->
