<?xml version="1.0" encoding="UTF-8"?>
<!-- Generated by org.testng.reporters.JUnitReportReporter -->
<testsuite hostname="AvoComp20-HP" name="COAProject.Release1.Create_NewCustomer" tests="1" failures="0" timestamp="9 Sep 2016 06:57:18 GMT" time="171.965" errors="0">
  <testcase name="NewCustomer" time="171.965" classname="COAProject.Release1.Create_NewCustomer"/>
</testsuite> <!-- COAProject.Release1.Create_NewCustomer -->
